# JRE version: OpenJDK Runtime Environment Temurin-21.0.7+6 (21.0.7+6) (build 21.0.7+6-LTS)
# Java VM: OpenJDK 64-Bit Server VM Temurin-21.0.7+6 (21.0.7+6-LTS, mixed mode, sharing, tiered, compressed oops, compressed class ptrs, parallel gc, windows-amd64)
GC Precious Log:
 CardTable entry size: 512
 CPUs: 16 total, 16 available
 Memory: 14181M
 Large Page Support: Disabled
 NUMA Support: Disabled
 Compressed Oops: Enabled (32-bit)
 Alignments: Space 512K, Generation 512K, Heap 2M
 Heap Min Capacity: 100M
 Heap Initial Capacity: 100M
 Heap Max Capacity: 2G
 Pre-touch: Disabled
 Parallel Workers: 13
Heap:
 PSYoungGen      total 12800K, used 4294K [0x00000000d5580000, 0x00000000d6580000, 0x0000000100000000)
  eden space 12288K, 30% used [0x00000000d5580000,0x00000000d5934e60,0x00000000d6180000)
  from space 512K, 97% used [0x00000000d6500000,0x00000000d657cd68,0x00000000d6580000)
  to   space 1536K, 0% used [0x00000000d6280000,0x00000000d6280000,0x00000000d6400000)
 ParOldGen       total 145920K, used 133472K [0x0000000080000000, 0x0000000088e80000, 0x00000000d5580000)
  object space 145920K, 91% used [0x0000000080000000,0x0000000088258308,0x0000000088e80000)
 Metaspace       used 95126K, committed 96896K, reserved 1179648K
  class space    used 9646K, committed 10432K, reserved 1048576K
GC Heap History (20 events):
Event: 195.953 GC heap before
{Heap before GC invocations=834 (full 5):
 PSYoungGen      total 13312K, used 13050K [0x00000000d5580000, 0x00000000d6800000, 0x0000000100000000)
  eden space 12288K, 100% used [0x00000000d5580000,0x00000000d6180000,0x00000000d6180000)
  from space 1024K, 74% used [0x00000000d6700000,0x00000000d67be900,0x00000000d6800000)
  to   space 1536K, 0% used [0x00000000d6500000,0x00000000d6500000,0x00000000d6680000)
 ParOldGen       total 145920K, used 128841K [0x0000000080000000, 0x0000000088e80000, 0x00000000d5580000)
  object space 145920K, 88% used [0x0000000080000000,0x0000000087dd2680,0x0000000088e80000)
 Metaspace       used 91963K, committed 93824K, reserved 1179648K
  class space    used 9213K, committed 10048K, reserved 1048576K
}
Event: 195.954 GC heap after
{Heap after GC invocations=834 (full 5):
 PSYoungGen      total 13312K, used 976K [0x00000000d5580000, 0x00000000d6780000, 0x0000000100000000)
  eden space 12288K, 0% used [0x00000000d5580000,0x00000000d5580000,0x00000000d6180000)
  from space 1024K, 95% used [0x00000000d6500000,0x00000000d65f4010,0x00000000d6600000)
  to   space 1536K, 0% used [0x00000000d6600000,0x00000000d6600000,0x00000000d6780000)
 ParOldGen       total 145920K, used 129430K [0x0000000080000000, 0x0000000088e80000, 0x00000000d5580000)
  object space 145920K, 88% used [0x0000000080000000,0x0000000087e658b0,0x0000000088e80000)
 Metaspace       used 91963K, committed 93824K, reserved 1179648K
  class space    used 9213K, committed 10048K, reserved 1048576K
}
Event: 198.654 GC heap before
{Heap before GC invocations=835 (full 5):
 PSYoungGen      total 13312K, used 13264K [0x00000000d5580000, 0x00000000d6780000, 0x0000000100000000)
  eden space 12288K, 100% used [0x00000000d5580000,0x00000000d6180000,0x00000000d6180000)
  from space 1024K, 95% used [0x00000000d6500000,0x00000000d65f4010,0x00000000d6600000)
  to   space 1536K, 0% used [0x00000000d6600000,0x00000000d6600000,0x00000000d6780000)
 ParOldGen       total 145920K, used 129430K [0x0000000080000000, 0x0000000088e80000, 0x00000000d5580000)
  object space 145920K, 88% used [0x0000000080000000,0x0000000087e658b0,0x0000000088e80000)
 Metaspace       used 91971K, committed 93824K, reserved 1179648K
  class space    used 9213K, committed 10048K, reserved 1048576K
}
Event: 198.656 GC heap after
{Heap after GC invocations=835 (full 5):
 PSYoungGen      total 12800K, used 256K [0x00000000d5580000, 0x00000000d6680000, 0x0000000100000000)
  eden space 12288K, 0% used [0x00000000d5580000,0x00000000d5580000,0x00000000d6180000)
  from space 512K, 50% used [0x00000000d6600000,0x00000000d6640000,0x00000000d6680000)
  to   space 1024K, 0% used [0x00000000d6480000,0x00000000d6480000,0x00000000d6580000)
 ParOldGen       total 145920K, used 130167K [0x0000000080000000, 0x0000000088e80000, 0x00000000d5580000)
  object space 145920K, 89% used [0x0000000080000000,0x0000000087f1dfe0,0x0000000088e80000)
 Metaspace       used 91971K, committed 93824K, reserved 1179648K
  class space    used 9213K, committed 10048K, reserved 1048576K
}
Event: 225.397 GC heap before
{Heap before GC invocations=836 (full 5):
 PSYoungGen      total 12800K, used 12544K [0x00000000d5580000, 0x00000000d6680000, 0x0000000100000000)
  eden space 12288K, 100% used [0x00000000d5580000,0x00000000d6180000,0x00000000d6180000)
  from space 512K, 50% used [0x00000000d6600000,0x00000000d6640000,0x00000000d6680000)
  to   space 1024K, 0% used [0x00000000d6480000,0x00000000d6480000,0x00000000d6580000)
 ParOldGen       total 145920K, used 130167K [0x0000000080000000, 0x0000000088e80000, 0x00000000d5580000)
  object space 145920K, 89% used [0x0000000080000000,0x0000000087f1dfe0,0x0000000088e80000)
 Metaspace       used 92000K, committed 93824K, reserved 1179648K
  class space    used 9213K, committed 10048K, reserved 1048576K
}
Event: 225.398 GC heap after
{Heap after GC invocations=836 (full 5):
 PSYoungGen      total 13312K, used 999K [0x00000000d5580000, 0x00000000d6680000, 0x0000000100000000)
  eden space 12288K, 0% used [0x00000000d5580000,0x00000000d5580000,0x00000000d6180000)
  from space 1024K, 97% used [0x00000000d6480000,0x00000000d6579c98,0x00000000d6580000)
  to   space 1024K, 0% used [0x00000000d6580000,0x00000000d6580000,0x00000000d6680000)
 ParOldGen       total 145920K, used 130255K [0x0000000080000000, 0x0000000088e80000, 0x00000000d5580000)
  object space 145920K, 89% used [0x0000000080000000,0x0000000087f33fe0,0x0000000088e80000)
 Metaspace       used 92000K, committed 93824K, reserved 1179648K
  class space    used 9213K, committed 10048K, reserved 1048576K
}
Event: 225.520 GC heap before
{Heap before GC invocations=837 (full 5):
 PSYoungGen      total 13312K, used 13287K [0x00000000d5580000, 0x00000000d6680000, 0x0000000100000000)
  eden space 12288K, 100% used [0x00000000d5580000,0x00000000d6180000,0x00000000d6180000)
  from space 1024K, 97% used [0x00000000d6480000,0x00000000d6579c98,0x00000000d6580000)
  to   space 1024K, 0% used [0x00000000d6580000,0x00000000d6580000,0x00000000d6680000)
 ParOldGen       total 145920K, used 130255K [0x0000000080000000, 0x0000000088e80000, 0x00000000d5580000)
  object space 145920K, 89% used [0x0000000080000000,0x0000000087f33fe0,0x0000000088e80000)
 Metaspace       used 92000K, committed 93824K, reserved 1179648K
  class space    used 9213K, committed 10048K, reserved 1048576K
}
Event: 225.522 GC heap after
{Heap after GC invocations=837 (full 5):
 PSYoungGen      total 13312K, used 576K [0x00000000d5580000, 0x00000000d6680000, 0x0000000100000000)
  eden space 12288K, 0% used [0x00000000d5580000,0x00000000d5580000,0x00000000d6180000)
  from space 1024K, 56% used [0x00000000d6580000,0x00000000d6610000,0x00000000d6680000)
  to   space 1024K, 0% used [0x00000000d6480000,0x00000000d6480000,0x00000000d6580000)
 ParOldGen       total 145920K, used 130359K [0x0000000080000000, 0x0000000088e80000, 0x00000000d5580000)
  object space 145920K, 89% used [0x0000000080000000,0x0000000087f4dfe0,0x0000000088e80000)
 Metaspace       used 92000K, committed 93824K, reserved 1179648K
  class space    used 9213K, committed 10048K, reserved 1048576K
}
Event: 231.844 GC heap before
{Heap before GC invocations=838 (full 5):
 PSYoungGen      total 13312K, used 12864K [0x00000000d5580000, 0x00000000d6680000, 0x0000000100000000)
  eden space 12288K, 100% used [0x00000000d5580000,0x00000000d6180000,0x00000000d6180000)
  from space 1024K, 56% used [0x00000000d6580000,0x00000000d6610000,0x00000000d6680000)
  to   space 1024K, 0% used [0x00000000d6480000,0x00000000d6480000,0x00000000d6580000)
 ParOldGen       total 145920K, used 130359K [0x0000000080000000, 0x0000000088e80000, 0x00000000d5580000)
  object space 145920K, 89% used [0x0000000080000000,0x0000000087f4dfe0,0x0000000088e80000)
 Metaspace       used 92036K, committed 93824K, reserved 1179648K
  class space    used 9214K, committed 10048K, reserved 1048576K
}
Event: 231.845 GC heap after
{Heap after GC invocations=838 (full 5):
 PSYoungGen      total 13312K, used 1004K [0x00000000d5580000, 0x00000000d6600000, 0x0000000100000000)
  eden space 12288K, 0% used [0x00000000d5580000,0x00000000d5580000,0x00000000d6180000)
  from space 1024K, 98% used [0x00000000d6480000,0x00000000d657b260,0x00000000d6580000)
  to   space 512K, 0% used [0x00000000d6580000,0x00000000d6580000,0x00000000d6600000)
 ParOldGen       total 145920K, used 130709K [0x0000000080000000, 0x0000000088e80000, 0x00000000d5580000)
  object space 145920K, 89% used [0x0000000080000000,0x0000000087fa56b8,0x0000000088e80000)
 Metaspace       used 92036K, committed 93824K, reserved 1179648K
  class space    used 9214K, committed 10048K, reserved 1048576K
}
Event: 237.890 GC heap before
{Heap before GC invocations=839 (full 5):
 PSYoungGen      total 13312K, used 13292K [0x00000000d5580000, 0x00000000d6600000, 0x0000000100000000)
  eden space 12288K, 100% used [0x00000000d5580000,0x00000000d6180000,0x00000000d6180000)
  from space 1024K, 98% used [0x00000000d6480000,0x00000000d657b260,0x00000000d6580000)
  to   space 512K, 0% used [0x00000000d6580000,0x00000000d6580000,0x00000000d6600000)
 ParOldGen       total 145920K, used 130709K [0x0000000080000000, 0x0000000088e80000, 0x00000000d5580000)
  object space 145920K, 89% used [0x0000000080000000,0x0000000087fa56b8,0x0000000088e80000)
 Metaspace       used 92163K, committed 93952K, reserved 1179648K
  class space    used 9231K, committed 10048K, reserved 1048576K
}
Event: 237.893 GC heap after
{Heap after GC invocations=839 (full 5):
 PSYoungGen      total 12800K, used 512K [0x00000000d5580000, 0x00000000d6600000, 0x0000000100000000)
  eden space 12288K, 0% used [0x00000000d5580000,0x00000000d5580000,0x00000000d6180000)
  from space 512K, 100% used [0x00000000d6580000,0x00000000d6600000,0x00000000d6600000)
  to   space 2048K, 0% used [0x00000000d6200000,0x00000000d6200000,0x00000000d6400000)
 ParOldGen       total 145920K, used 131932K [0x0000000080000000, 0x0000000088e80000, 0x00000000d5580000)
  object space 145920K, 90% used [0x0000000080000000,0x00000000880d7248,0x0000000088e80000)
 Metaspace       used 92163K, committed 93952K, reserved 1179648K
  class space    used 9231K, committed 10048K, reserved 1048576K
}
Event: 238.109 GC heap before
{Heap before GC invocations=840 (full 5):
 PSYoungGen      total 12800K, used 12800K [0x00000000d5580000, 0x00000000d6600000, 0x0000000100000000)
  eden space 12288K, 100% used [0x00000000d5580000,0x00000000d6180000,0x00000000d6180000)
  from space 512K, 100% used [0x00000000d6580000,0x00000000d6600000,0x00000000d6600000)
  to   space 2048K, 0% used [0x00000000d6200000,0x00000000d6200000,0x00000000d6400000)
 ParOldGen       total 145920K, used 131932K [0x0000000080000000, 0x0000000088e80000, 0x00000000d5580000)
  object space 145920K, 90% used [0x0000000080000000,0x00000000880d7248,0x0000000088e80000)
 Metaspace       used 92167K, committed 93952K, reserved 1179648K
  class space    used 9231K, committed 10048K, reserved 1048576K
}
Event: 238.111 GC heap after
{Heap after GC invocations=840 (full 5):
 PSYoungGen      total 14336K, used 320K [0x00000000d5580000, 0x00000000d6600000, 0x0000000100000000)
  eden space 12288K, 0% used [0x00000000d5580000,0x00000000d5580000,0x00000000d6180000)
  from space 2048K, 15% used [0x00000000d6200000,0x00000000d6250000,0x00000000d6400000)
  to   space 1024K, 0% used [0x00000000d6500000,0x00000000d6500000,0x00000000d6600000)
 ParOldGen       total 145920K, used 132494K [0x0000000080000000, 0x0000000088e80000, 0x00000000d5580000)
  object space 145920K, 90% used [0x0000000080000000,0x0000000088163988,0x0000000088e80000)
 Metaspace       used 92167K, committed 93952K, reserved 1179648K
  class space    used 9231K, committed 10048K, reserved 1048576K
}
Event: 238.324 GC heap before
{Heap before GC invocations=841 (full 5):
 PSYoungGen      total 14336K, used 12608K [0x00000000d5580000, 0x00000000d6600000, 0x0000000100000000)
  eden space 12288K, 100% used [0x00000000d5580000,0x00000000d6180000,0x00000000d6180000)
  from space 2048K, 15% used [0x00000000d6200000,0x00000000d6250000,0x00000000d6400000)
  to   space 1024K, 0% used [0x00000000d6500000,0x00000000d6500000,0x00000000d6600000)
 ParOldGen       total 145920K, used 132494K [0x0000000080000000, 0x0000000088e80000, 0x00000000d5580000)
  object space 145920K, 90% used [0x0000000080000000,0x0000000088163988,0x0000000088e80000)
 Metaspace       used 93632K, committed 95488K, reserved 1179648K
  class space    used 9403K, committed 10240K, reserved 1048576K
}
Event: 238.325 GC heap after
{Heap after GC invocations=841 (full 5):
 PSYoungGen      total 13312K, used 593K [0x00000000d5580000, 0x00000000d6600000, 0x0000000100000000)
  eden space 12288K, 0% used [0x00000000d5580000,0x00000000d5580000,0x00000000d6180000)
  from space 1024K, 57% used [0x00000000d6500000,0x00000000d65945f0,0x00000000d6600000)
  to   space 1024K, 0% used [0x00000000d6400000,0x00000000d6400000,0x00000000d6500000)
 ParOldGen       total 145920K, used 132558K [0x0000000080000000, 0x0000000088e80000, 0x00000000d5580000)
  object space 145920K, 90% used [0x0000000080000000,0x0000000088173988,0x0000000088e80000)
 Metaspace       used 93632K, committed 95488K, reserved 1179648K
  class space    used 9403K, committed 10240K, reserved 1048576K
}
Event: 238.560 GC heap before
{Heap before GC invocations=842 (full 5):
 PSYoungGen      total 13312K, used 12881K [0x00000000d5580000, 0x00000000d6600000, 0x0000000100000000)
  eden space 12288K, 100% used [0x00000000d5580000,0x00000000d6180000,0x00000000d6180000)
  from space 1024K, 57% used [0x00000000d6500000,0x00000000d65945f0,0x00000000d6600000)
  to   space 1024K, 0% used [0x00000000d6400000,0x00000000d6400000,0x00000000d6500000)
 ParOldGen       total 145920K, used 132558K [0x0000000080000000, 0x0000000088e80000, 0x00000000d5580000)
  object space 145920K, 90% used [0x0000000080000000,0x0000000088173988,0x0000000088e80000)
 Metaspace       used 94881K, committed 96704K, reserved 1179648K
  class space    used 9615K, committed 10432K, reserved 1048576K
}
Event: 238.562 GC heap after
{Heap after GC invocations=842 (full 5):
 PSYoungGen      total 13312K, used 544K [0x00000000d5580000, 0x00000000d6580000, 0x0000000100000000)
  eden space 12288K, 0% used [0x00000000d5580000,0x00000000d5580000,0x00000000d6180000)
  from space 1024K, 53% used [0x00000000d6400000,0x00000000d6488000,0x00000000d6500000)
  to   space 512K, 0% used [0x00000000d6500000,0x00000000d6500000,0x00000000d6580000)
 ParOldGen       total 145920K, used 132917K [0x0000000080000000, 0x0000000088e80000, 0x00000000d5580000)
  object space 145920K, 91% used [0x0000000080000000,0x00000000881cd5a0,0x0000000088e80000)
 Metaspace       used 94881K, committed 96704K, reserved 1179648K
  class space    used 9615K, committed 10432K, reserved 1048576K
}
Event: 261.483 GC heap before
{Heap before GC invocations=843 (full 5):
 PSYoungGen      total 13312K, used 12832K [0x00000000d5580000, 0x00000000d6580000, 0x0000000100000000)
  eden space 12288K, 100% used [0x00000000d5580000,0x00000000d6180000,0x00000000d6180000)
  from space 1024K, 53% used [0x00000000d6400000,0x00000000d6488000,0x00000000d6500000)
  to   space 512K, 0% used [0x00000000d6500000,0x00000000d6500000,0x00000000d6580000)
 ParOldGen       total 145920K, used 132917K [0x0000000080000000, 0x0000000088e80000, 0x00000000d5580000)
  object space 145920K, 91% used [0x0000000080000000,0x00000000881cd5a0,0x0000000088e80000)
 Metaspace       used 94986K, committed 96832K, reserved 1179648K
  class space    used 9630K, committed 10432K, reserved 1048576K
}
Event: 261.484 GC heap after
{Heap after GC invocations=843 (full 5):
 PSYoungGen      total 12800K, used 499K [0x00000000d5580000, 0x00000000d6580000, 0x0000000100000000)
  eden space 12288K, 0% used [0x00000000d5580000,0x00000000d5580000,0x00000000d6180000)
  from space 512K, 97% used [0x00000000d6500000,0x00000000d657cd68,0x00000000d6580000)
  to   space 1536K, 0% used [0x00000000d6280000,0x00000000d6280000,0x00000000d6400000)
 ParOldGen       total 145920K, used 133472K [0x0000000080000000, 0x0000000088e80000, 0x00000000d5580000)
  object space 145920K, 91% used [0x0000000080000000,0x0000000088258308,0x0000000088e80000)
 Metaspace       used 94986K, committed 96832K, reserved 1179648K
  class space    used 9630K, committed 10432K, reserved 1048576K
}

