# JRE version: OpenJDK Runtime Environment Temurin-21.0.7+6 (21.0.7+6) (build 21.0.7+6-LTS)
# Java VM: OpenJDK 64-Bit Server VM Temurin-21.0.7+6 (21.0.7+6-LTS, mixed mode, sharing, tiered, compressed oops, compressed class ptrs, parallel gc, windows-amd64)
GC Precious Log:
 CardTable entry size: 512
 CPUs: 16 total, 16 available
 Memory: 14181M
 Large Page Support: Disabled
 NUMA Support: Disabled
 Compressed Oops: Enabled (32-bit)
 Alignments: Space 512K, Generation 512K, Heap 2M
 Heap Min Capacity: 100M
 Heap Initial Capacity: 100M
 Heap Max Capacity: 2G
 Pre-touch: Disabled
 Parallel Workers: 13
Heap:
 PSYoungGen      total 8192K, used 848K [0x00000000d5580000, 0x00000000d5f80000, 0x0000000100000000)
  eden space 7168K, 0% used [0x00000000d5580000,0x00000000d5580000,0x00000000d5c80000)
  from space 1024K, 82% used [0x00000000d5d80000,0x00000000d5e54010,0x00000000d5e80000)
  to   space 1024K, 0% used [0x00000000d5e80000,0x00000000d5e80000,0x00000000d5f80000)
 ParOldGen       total 1010688K, used 1010524K [0x0000000080000000, 0x00000000bdb00000, 0x00000000d5580000)
  object space 1010688K, 99% used [0x0000000080000000,0x00000000bdad70b8,0x00000000bdb00000)
 Metaspace       used 113028K, committed 115008K, reserved 1179648K
  class space    used 10656K, committed 11648K, reserved 1048576K
GC Heap History (20 events):
Event: 10100.013 GC heap after
{Heap after GC invocations=18750 (full 31):
 PSYoungGen      total 6656K, used 1018K [0x00000000d5580000, 0x00000000d5e00000, 0x0000000100000000)
  eden space 5632K, 0% used [0x00000000d5580000,0x00000000d5580000,0x00000000d5b00000)
  from space 1024K, 99% used [0x00000000d5d00000,0x00000000d5dfe900,0x00000000d5e00000)
  to   space 1536K, 0% used [0x00000000d5b00000,0x00000000d5b00000,0x00000000d5c80000)
 ParOldGen       total 998912K, used 998536K [0x0000000080000000, 0x00000000bcf80000, 0x00000000d5580000)
  object space 998912K, 99% used [0x0000000080000000,0x00000000bcf22370,0x00000000bcf80000)
 Metaspace       used 113028K, committed 115008K, reserved 1179648K
  class space    used 10656K, committed 11648K, reserved 1048576K
}
Event: 10100.056 GC heap before
{Heap before GC invocations=18751 (full 31):
 PSYoungGen      total 6656K, used 6630K [0x00000000d5580000, 0x00000000d5e00000, 0x0000000100000000)
  eden space 5632K, 99% used [0x00000000d5580000,0x00000000d5afb2c8,0x00000000d5b00000)
  from space 1024K, 99% used [0x00000000d5d00000,0x00000000d5dfe900,0x00000000d5e00000)
  to   space 1536K, 0% used [0x00000000d5b00000,0x00000000d5b00000,0x00000000d5c80000)
 ParOldGen       total 998912K, used 998536K [0x0000000080000000, 0x00000000bcf80000, 0x00000000d5580000)
  object space 998912K, 99% used [0x0000000080000000,0x00000000bcf22370,0x00000000bcf80000)
 Metaspace       used 113028K, committed 115008K, reserved 1179648K
  class space    used 10656K, committed 11648K, reserved 1048576K
}
Event: 10100.059 GC heap after
{Heap after GC invocations=18751 (full 31):
 PSYoungGen      total 7168K, used 1532K [0x00000000d5580000, 0x00000000d6800000, 0x0000000100000000)
  eden space 5632K, 0% used [0x00000000d5580000,0x00000000d5580000,0x00000000d5b00000)
  from space 1536K, 99% used [0x00000000d5b00000,0x00000000d5c7f288,0x00000000d5c80000)
  to   space 6656K, 0% used [0x00000000d6180000,0x00000000d6180000,0x00000000d6800000)
 ParOldGen       total 1003008K, used 1002553K [0x0000000080000000, 0x00000000bd380000, 0x00000000d5580000)
  object space 1003008K, 99% used [0x0000000080000000,0x00000000bd30e678,0x00000000bd380000)
 Metaspace       used 113028K, committed 115008K, reserved 1179648K
  class space    used 10656K, committed 11648K, reserved 1048576K
}
Event: 10100.439 GC heap before
{Heap before GC invocations=18752 (full 31):
 PSYoungGen      total 7168K, used 7164K [0x00000000d5580000, 0x00000000d6800000, 0x0000000100000000)
  eden space 5632K, 99% used [0x00000000d5580000,0x00000000d5afffd8,0x00000000d5b00000)
  from space 1536K, 99% used [0x00000000d5b00000,0x00000000d5c7f288,0x00000000d5c80000)
  to   space 6656K, 0% used [0x00000000d6180000,0x00000000d6180000,0x00000000d6800000)
 ParOldGen       total 1003008K, used 1002553K [0x0000000080000000, 0x00000000bd380000, 0x00000000d5580000)
  object space 1003008K, 99% used [0x0000000080000000,0x00000000bd30e678,0x00000000bd380000)
 Metaspace       used 113028K, committed 115008K, reserved 1179648K
  class space    used 10656K, committed 11648K, reserved 1048576K
}
Event: 10100.443 GC heap after
{Heap after GC invocations=18752 (full 31):
 PSYoungGen      total 7680K, used 1860K [0x00000000d5580000, 0x00000000d6380000, 0x0000000100000000)
  eden space 5632K, 0% used [0x00000000d5580000,0x00000000d5580000,0x00000000d5b00000)
  from space 2048K, 90% used [0x00000000d6180000,0x00000000d6351240,0x00000000d6380000)
  to   space 3584K, 0% used [0x00000000d5c80000,0x00000000d5c80000,0x00000000d6000000)
 ParOldGen       total 1004544K, used 1004067K [0x0000000080000000, 0x00000000bd500000, 0x00000000d5580000)
  object space 1004544K, 99% used [0x0000000080000000,0x00000000bd488cb8,0x00000000bd500000)
 Metaspace       used 113028K, committed 115008K, reserved 1179648K
  class space    used 10656K, committed 11648K, reserved 1048576K
}
Event: 10101.032 GC heap before
{Heap before GC invocations=18753 (full 31):
 PSYoungGen      total 7680K, used 7492K [0x00000000d5580000, 0x00000000d6380000, 0x0000000100000000)
  eden space 5632K, 100% used [0x00000000d5580000,0x00000000d5b00000,0x00000000d5b00000)
  from space 2048K, 90% used [0x00000000d6180000,0x00000000d6351240,0x00000000d6380000)
  to   space 3584K, 0% used [0x00000000d5c80000,0x00000000d5c80000,0x00000000d6000000)
 ParOldGen       total 1004544K, used 1004067K [0x0000000080000000, 0x00000000bd500000, 0x00000000d5580000)
  object space 1004544K, 99% used [0x0000000080000000,0x00000000bd488cb8,0x00000000bd500000)
 Metaspace       used 113028K, committed 115008K, reserved 1179648K
  class space    used 10656K, committed 11648K, reserved 1048576K
}
Event: 10101.035 GC heap after
{Heap after GC invocations=18753 (full 31):
 PSYoungGen      total 9216K, used 1558K [0x00000000d5580000, 0x00000000d6200000, 0x0000000100000000)
  eden space 5632K, 0% used [0x00000000d5580000,0x00000000d5580000,0x00000000d5b00000)
  from space 3584K, 43% used [0x00000000d5c80000,0x00000000d5e05b00,0x00000000d6000000)
  to   space 2048K, 0% used [0x00000000d6000000,0x00000000d6000000,0x00000000d6200000)
 ParOldGen       total 1006080K, used 1005694K [0x0000000080000000, 0x00000000bd680000, 0x00000000d5580000)
  object space 1006080K, 99% used [0x0000000080000000,0x00000000bd61f988,0x00000000bd680000)
 Metaspace       used 113028K, committed 115008K, reserved 1179648K
  class space    used 10656K, committed 11648K, reserved 1048576K
}
Event: 10137.204 GC heap before
{Heap before GC invocations=18754 (full 31):
 PSYoungGen      total 9216K, used 7190K [0x00000000d5580000, 0x00000000d6200000, 0x0000000100000000)
  eden space 5632K, 100% used [0x00000000d5580000,0x00000000d5b00000,0x00000000d5b00000)
  from space 3584K, 43% used [0x00000000d5c80000,0x00000000d5e05b00,0x00000000d6000000)
  to   space 2048K, 0% used [0x00000000d6000000,0x00000000d6000000,0x00000000d6200000)
 ParOldGen       total 1006080K, used 1005694K [0x0000000080000000, 0x00000000bd680000, 0x00000000d5580000)
  object space 1006080K, 99% used [0x0000000080000000,0x00000000bd61f988,0x00000000bd680000)
 Metaspace       used 113028K, committed 115008K, reserved 1179648K
  class space    used 10656K, committed 11648K, reserved 1048576K
}
Event: 10137.206 GC heap after
{Heap after GC invocations=18754 (full 31):
 PSYoungGen      total 6144K, used 384K [0x00000000d5580000, 0x00000000d6080000, 0x0000000100000000)
  eden space 5632K, 0% used [0x00000000d5580000,0x00000000d5580000,0x00000000d5b00000)
  from space 512K, 75% used [0x00000000d6000000,0x00000000d6060000,0x00000000d6080000)
  to   space 1024K, 0% used [0x00000000d5e80000,0x00000000d5e80000,0x00000000d5f80000)
 ParOldGen       total 1006080K, used 1005942K [0x0000000080000000, 0x00000000bd680000, 0x00000000d5580000)
  object space 1006080K, 99% used [0x0000000080000000,0x00000000bd65d988,0x00000000bd680000)
 Metaspace       used 113028K, committed 115008K, reserved 1179648K
  class space    used 10656K, committed 11648K, reserved 1048576K
}
Event: 10137.220 GC heap before
{Heap before GC invocations=18755 (full 31):
 PSYoungGen      total 6144K, used 6016K [0x00000000d5580000, 0x00000000d6080000, 0x0000000100000000)
  eden space 5632K, 100% used [0x00000000d5580000,0x00000000d5b00000,0x00000000d5b00000)
  from space 512K, 75% used [0x00000000d6000000,0x00000000d6060000,0x00000000d6080000)
  to   space 1024K, 0% used [0x00000000d5e80000,0x00000000d5e80000,0x00000000d5f80000)
 ParOldGen       total 1006080K, used 1005942K [0x0000000080000000, 0x00000000bd680000, 0x00000000d5580000)
  object space 1006080K, 99% used [0x0000000080000000,0x00000000bd65d988,0x00000000bd680000)
 Metaspace       used 113028K, committed 115008K, reserved 1179648K
  class space    used 10656K, committed 11648K, reserved 1048576K
}
Event: 10137.223 GC heap after
{Heap after GC invocations=18755 (full 31):
 PSYoungGen      total 6656K, used 996K [0x00000000d5580000, 0x00000000d6080000, 0x0000000100000000)
  eden space 5632K, 0% used [0x00000000d5580000,0x00000000d5580000,0x00000000d5b00000)
  from space 1024K, 97% used [0x00000000d5e80000,0x00000000d5f79210,0x00000000d5f80000)
  to   space 1024K, 0% used [0x00000000d5f80000,0x00000000d5f80000,0x00000000d6080000)
 ParOldGen       total 1006592K, used 1006106K [0x0000000080000000, 0x00000000bd700000, 0x00000000d5580000)
  object space 1006592K, 99% used [0x0000000080000000,0x00000000bd6869b0,0x00000000bd700000)
 Metaspace       used 113028K, committed 115008K, reserved 1179648K
  class space    used 10656K, committed 11648K, reserved 1048576K
}
Event: 10137.241 GC heap before
{Heap before GC invocations=18756 (full 31):
 PSYoungGen      total 6656K, used 6628K [0x00000000d5580000, 0x00000000d6080000, 0x0000000100000000)
  eden space 5632K, 100% used [0x00000000d5580000,0x00000000d5b00000,0x00000000d5b00000)
  from space 1024K, 97% used [0x00000000d5e80000,0x00000000d5f79210,0x00000000d5f80000)
  to   space 1024K, 0% used [0x00000000d5f80000,0x00000000d5f80000,0x00000000d6080000)
 ParOldGen       total 1006592K, used 1006106K [0x0000000080000000, 0x00000000bd700000, 0x00000000d5580000)
  object space 1006592K, 99% used [0x0000000080000000,0x00000000bd6869b0,0x00000000bd700000)
 Metaspace       used 113028K, committed 115008K, reserved 1179648K
  class space    used 10656K, committed 11648K, reserved 1048576K
}
Event: 10137.245 GC heap after
{Heap after GC invocations=18756 (full 31):
 PSYoungGen      total 6656K, used 672K [0x00000000d5580000, 0x00000000d6080000, 0x0000000100000000)
  eden space 5632K, 0% used [0x00000000d5580000,0x00000000d5580000,0x00000000d5b00000)
  from space 1024K, 65% used [0x00000000d5f80000,0x00000000d6028020,0x00000000d6080000)
  to   space 1024K, 0% used [0x00000000d5e80000,0x00000000d5e80000,0x00000000d5f80000)
 ParOldGen       total 1007104K, used 1006850K [0x0000000080000000, 0x00000000bd780000, 0x00000000d5580000)
  object space 1007104K, 99% used [0x0000000080000000,0x00000000bd740bd0,0x00000000bd780000)
 Metaspace       used 113028K, committed 115008K, reserved 1179648K
  class space    used 10656K, committed 11648K, reserved 1048576K
}
Event: 10137.260 GC heap before
{Heap before GC invocations=18757 (full 31):
 PSYoungGen      total 6656K, used 6304K [0x00000000d5580000, 0x00000000d6080000, 0x0000000100000000)
  eden space 5632K, 100% used [0x00000000d5580000,0x00000000d5b00000,0x00000000d5b00000)
  from space 1024K, 65% used [0x00000000d5f80000,0x00000000d6028020,0x00000000d6080000)
  to   space 1024K, 0% used [0x00000000d5e80000,0x00000000d5e80000,0x00000000d5f80000)
 ParOldGen       total 1007104K, used 1006850K [0x0000000080000000, 0x00000000bd780000, 0x00000000d5580000)
  object space 1007104K, 99% used [0x0000000080000000,0x00000000bd740bd0,0x00000000bd780000)
 Metaspace       used 113028K, committed 115008K, reserved 1179648K
  class space    used 10656K, committed 11648K, reserved 1048576K
}
Event: 10137.263 GC heap after
{Heap after GC invocations=18757 (full 31):
 PSYoungGen      total 6656K, used 1012K [0x00000000d5580000, 0x00000000d6000000, 0x0000000100000000)
  eden space 5632K, 0% used [0x00000000d5580000,0x00000000d5580000,0x00000000d5b00000)
  from space 1024K, 98% used [0x00000000d5e80000,0x00000000d5f7d200,0x00000000d5f80000)
  to   space 512K, 0% used [0x00000000d5f80000,0x00000000d5f80000,0x00000000d6000000)
 ParOldGen       total 1007616K, used 1007455K [0x0000000080000000, 0x00000000bd800000, 0x00000000d5580000)
  object space 1007616K, 99% used [0x0000000080000000,0x00000000bd7d7c30,0x00000000bd800000)
 Metaspace       used 113028K, committed 115008K, reserved 1179648K
  class space    used 10656K, committed 11648K, reserved 1048576K
}
Event: 10137.278 GC heap before
{Heap before GC invocations=18758 (full 31):
 PSYoungGen      total 6656K, used 6644K [0x00000000d5580000, 0x00000000d6000000, 0x0000000100000000)
  eden space 5632K, 100% used [0x00000000d5580000,0x00000000d5b00000,0x00000000d5b00000)
  from space 1024K, 98% used [0x00000000d5e80000,0x00000000d5f7d200,0x00000000d5f80000)
  to   space 512K, 0% used [0x00000000d5f80000,0x00000000d5f80000,0x00000000d6000000)
 ParOldGen       total 1007616K, used 1007455K [0x0000000080000000, 0x00000000bd800000, 0x00000000d5580000)
  object space 1007616K, 99% used [0x0000000080000000,0x00000000bd7d7c30,0x00000000bd800000)
 Metaspace       used 113028K, committed 115008K, reserved 1179648K
  class space    used 10656K, committed 11648K, reserved 1048576K
}
Event: 10137.281 GC heap after
{Heap after GC invocations=18758 (full 31):
 PSYoungGen      total 6144K, used 512K [0x00000000d5580000, 0x00000000d6000000, 0x0000000100000000)
  eden space 5632K, 0% used [0x00000000d5580000,0x00000000d5580000,0x00000000d5b00000)
  from space 512K, 100% used [0x00000000d5f80000,0x00000000d6000000,0x00000000d6000000)
  to   space 2048K, 0% used [0x00000000d5c00000,0x00000000d5c00000,0x00000000d5e00000)
 ParOldGen       total 1008640K, used 1008447K [0x0000000080000000, 0x00000000bd900000, 0x00000000d5580000)
  object space 1008640K, 99% used [0x0000000080000000,0x00000000bd8cfc58,0x00000000bd900000)
 Metaspace       used 113028K, committed 115008K, reserved 1179648K
  class space    used 10656K, committed 11648K, reserved 1048576K
}
Event: 10137.310 GC heap before
{Heap before GC invocations=18759 (full 31):
 PSYoungGen      total 6144K, used 6144K [0x00000000d5580000, 0x00000000d6000000, 0x0000000100000000)
  eden space 5632K, 100% used [0x00000000d5580000,0x00000000d5b00000,0x00000000d5b00000)
  from space 512K, 100% used [0x00000000d5f80000,0x00000000d6000000,0x00000000d6000000)
  to   space 2048K, 0% used [0x00000000d5c00000,0x00000000d5c00000,0x00000000d5e00000)
 ParOldGen       total 1008640K, used 1008447K [0x0000000080000000, 0x00000000bd900000, 0x00000000d5580000)
  object space 1008640K, 99% used [0x0000000080000000,0x00000000bd8cfc58,0x00000000bd900000)
 Metaspace       used 113028K, committed 115008K, reserved 1179648K
  class space    used 10656K, committed 11648K, reserved 1048576K
}
Event: 10137.313 GC heap after
{Heap after GC invocations=18759 (full 31):
 PSYoungGen      total 7680K, used 1120K [0x00000000d5580000, 0x00000000d6000000, 0x0000000100000000)
  eden space 5632K, 0% used [0x00000000d5580000,0x00000000d5580000,0x00000000d5b00000)
  from space 2048K, 54% used [0x00000000d5c00000,0x00000000d5d18000,0x00000000d5e00000)
  to   space 1536K, 0% used [0x00000000d5e80000,0x00000000d5e80000,0x00000000d6000000)
 ParOldGen       total 1009152K, used 1008959K [0x0000000080000000, 0x00000000bd980000, 0x00000000d5580000)
  object space 1009152K, 99% used [0x0000000080000000,0x00000000bd94fca8,0x00000000bd980000)
 Metaspace       used 113028K, committed 115008K, reserved 1179648K
  class space    used 10656K, committed 11648K, reserved 1048576K
}
Event: 10137.612 GC heap before
{Heap before GC invocations=18760 (full 31):
 PSYoungGen      total 7680K, used 6752K [0x00000000d5580000, 0x00000000d6000000, 0x0000000100000000)
  eden space 5632K, 100% used [0x00000000d5580000,0x00000000d5b00000,0x00000000d5b00000)
  from space 2048K, 54% used [0x00000000d5c00000,0x00000000d5d18000,0x00000000d5e00000)
  to   space 1536K, 0% used [0x00000000d5e80000,0x00000000d5e80000,0x00000000d6000000)
 ParOldGen       total 1009152K, used 1008959K [0x0000000080000000, 0x00000000bd980000, 0x00000000d5580000)
  object space 1009152K, 99% used [0x0000000080000000,0x00000000bd94fca8,0x00000000bd980000)
 Metaspace       used 113028K, committed 115008K, reserved 1179648K
  class space    used 10656K, committed 11648K, reserved 1048576K
}

