# JRE version: OpenJDK Runtime Environment Temurin-21.0.7+6 (21.0.7+6) (build 21.0.7+6-LTS)
# Java VM: OpenJDK 64-Bit Server VM Temurin-21.0.7+6 (21.0.7+6-LTS, mixed mode, sharing, tiered, compressed oops, compressed class ptrs, parallel gc, windows-amd64)
GC Precious Log:
 CardTable entry size: 512
 CPUs: 16 total, 16 available
 Memory: 14181M
 Large Page Support: Disabled
 NUMA Support: Disabled
 Compressed Oops: Enabled (32-bit)
 Alignments: Space 512K, Generation 512K, Heap 2M
 Heap Min Capacity: 100M
 Heap Initial Capacity: 100M
 Heap Max Capacity: 2G
 Pre-touch: Disabled
 Parallel Workers: 13
Heap:
 PSYoungGen      total 9728K, used 5978K [0x00000000d5580000, 0x00000000d6100000, 0x0000000100000000)
  eden space 8704K, 60% used [0x00000000d5580000,0x00000000d5aae830,0x00000000d5e00000)
  from space 1024K, 65% used [0x00000000d6000000,0x00000000d60a8020,0x00000000d6100000)
  to   space 1024K, 0% used [0x00000000d5e00000,0x00000000d5e00000,0x00000000d5f00000)
 ParOldGen       total 91136K, used 90982K [0x0000000080000000, 0x0000000085900000, 0x00000000d5580000)
  object space 91136K, 99% used [0x0000000080000000,0x00000000858d9aa0,0x0000000085900000)
 Metaspace       used 66268K, committed 67840K, reserved 1114112K
  class space    used 6750K, committed 7424K, reserved 1048576K
GC Heap History (20 events):
Event: 21.480 GC heap before
{Heap before GC invocations=74 (full 3):
 PSYoungGen      total 12800K, used 12660K [0x00000000d5580000, 0x00000000d6300000, 0x0000000100000000)
  eden space 11776K, 100% used [0x00000000d5580000,0x00000000d6100000,0x00000000d6100000)
  from space 1024K, 86% used [0x00000000d6200000,0x00000000d62dd0b0,0x00000000d6300000)
  to   space 1024K, 0% used [0x00000000d6100000,0x00000000d6100000,0x00000000d6200000)
 ParOldGen       total 78336K, used 78122K [0x0000000080000000, 0x0000000084c80000, 0x00000000d5580000)
  object space 78336K, 99% used [0x0000000080000000,0x0000000084c4a938,0x0000000084c80000)
 Metaspace       used 64012K, committed 65536K, reserved 1114112K
  class space    used 6538K, committed 7168K, reserved 1048576K
}
Event: 21.483 GC heap after
{Heap after GC invocations=74 (full 3):
 PSYoungGen      total 12800K, used 784K [0x00000000d5580000, 0x00000000d6300000, 0x0000000100000000)
  eden space 11776K, 0% used [0x00000000d5580000,0x00000000d5580000,0x00000000d6100000)
  from space 1024K, 76% used [0x00000000d6100000,0x00000000d61c4220,0x00000000d6200000)
  to   space 1024K, 0% used [0x00000000d6200000,0x00000000d6200000,0x00000000d6300000)
 ParOldGen       total 79872K, used 79576K [0x0000000080000000, 0x0000000084e00000, 0x00000000d5580000)
  object space 79872K, 99% used [0x0000000080000000,0x0000000084db6238,0x0000000084e00000)
 Metaspace       used 64012K, committed 65536K, reserved 1114112K
  class space    used 6538K, committed 7168K, reserved 1048576K
}
Event: 21.518 GC heap before
{Heap before GC invocations=75 (full 3):
 PSYoungGen      total 12800K, used 12560K [0x00000000d5580000, 0x00000000d6300000, 0x0000000100000000)
  eden space 11776K, 100% used [0x00000000d5580000,0x00000000d6100000,0x00000000d6100000)
  from space 1024K, 76% used [0x00000000d6100000,0x00000000d61c4220,0x00000000d6200000)
  to   space 1024K, 0% used [0x00000000d6200000,0x00000000d6200000,0x00000000d6300000)
 ParOldGen       total 79872K, used 79576K [0x0000000080000000, 0x0000000084e00000, 0x00000000d5580000)
  object space 79872K, 99% used [0x0000000080000000,0x0000000084db6238,0x0000000084e00000)
 Metaspace       used 64053K, committed 65600K, reserved 1114112K
  class space    used 6539K, committed 7168K, reserved 1048576K
}
Event: 21.520 GC heap after
{Heap after GC invocations=75 (full 3):
 PSYoungGen      total 12800K, used 774K [0x00000000d5580000, 0x00000000d6300000, 0x0000000100000000)
  eden space 11776K, 0% used [0x00000000d5580000,0x00000000d5580000,0x00000000d6100000)
  from space 1024K, 75% used [0x00000000d6200000,0x00000000d62c1bf0,0x00000000d6300000)
  to   space 1024K, 0% used [0x00000000d6100000,0x00000000d6100000,0x00000000d6200000)
 ParOldGen       total 80384K, used 80146K [0x0000000080000000, 0x0000000084e80000, 0x00000000d5580000)
  object space 80384K, 99% used [0x0000000080000000,0x0000000084e448e0,0x0000000084e80000)
 Metaspace       used 64053K, committed 65600K, reserved 1114112K
  class space    used 6539K, committed 7168K, reserved 1048576K
}
Event: 21.606 GC heap before
{Heap before GC invocations=76 (full 3):
 PSYoungGen      total 12800K, used 12550K [0x00000000d5580000, 0x00000000d6300000, 0x0000000100000000)
  eden space 11776K, 100% used [0x00000000d5580000,0x00000000d6100000,0x00000000d6100000)
  from space 1024K, 75% used [0x00000000d6200000,0x00000000d62c1bf0,0x00000000d6300000)
  to   space 1024K, 0% used [0x00000000d6100000,0x00000000d6100000,0x00000000d6200000)
 ParOldGen       total 80384K, used 80146K [0x0000000080000000, 0x0000000084e80000, 0x00000000d5580000)
  object space 80384K, 99% used [0x0000000080000000,0x0000000084e448e0,0x0000000084e80000)
 Metaspace       used 64131K, committed 65664K, reserved 1114112K
  class space    used 6548K, committed 7168K, reserved 1048576K
}
Event: 21.609 GC heap after
{Heap after GC invocations=76 (full 3):
 PSYoungGen      total 12800K, used 999K [0x00000000d5580000, 0x00000000d6500000, 0x0000000100000000)
  eden space 11776K, 0% used [0x00000000d5580000,0x00000000d5580000,0x00000000d6100000)
  from space 1024K, 97% used [0x00000000d6100000,0x00000000d61f9d30,0x00000000d6200000)
  to   space 2048K, 0% used [0x00000000d6300000,0x00000000d6300000,0x00000000d6500000)
 ParOldGen       total 81408K, used 80933K [0x0000000080000000, 0x0000000084f80000, 0x00000000d5580000)
  object space 81408K, 99% used [0x0000000080000000,0x0000000084f095c8,0x0000000084f80000)
 Metaspace       used 64131K, committed 65664K, reserved 1114112K
  class space    used 6548K, committed 7168K, reserved 1048576K
}
Event: 21.847 GC heap before
{Heap before GC invocations=77 (full 3):
 PSYoungGen      total 12800K, used 12775K [0x00000000d5580000, 0x00000000d6500000, 0x0000000100000000)
  eden space 11776K, 100% used [0x00000000d5580000,0x00000000d6100000,0x00000000d6100000)
  from space 1024K, 97% used [0x00000000d6100000,0x00000000d61f9d30,0x00000000d6200000)
  to   space 2048K, 0% used [0x00000000d6300000,0x00000000d6300000,0x00000000d6500000)
 ParOldGen       total 81408K, used 80933K [0x0000000080000000, 0x0000000084f80000, 0x00000000d5580000)
  object space 81408K, 99% used [0x0000000080000000,0x0000000084f095c8,0x0000000084f80000)
 Metaspace       used 64285K, committed 65792K, reserved 1114112K
  class space    used 6552K, committed 7168K, reserved 1048576K
}
Event: 21.851 GC heap after
{Heap after GC invocations=77 (full 3):
 PSYoungGen      total 13824K, used 1856K [0x00000000d5580000, 0x00000000d6500000, 0x0000000100000000)
  eden space 11776K, 0% used [0x00000000d5580000,0x00000000d5580000,0x00000000d6100000)
  from space 2048K, 90% used [0x00000000d6300000,0x00000000d64d0020,0x00000000d6500000)
  to   space 2048K, 0% used [0x00000000d6100000,0x00000000d6100000,0x00000000d6300000)
 ParOldGen       total 82432K, used 81946K [0x0000000080000000, 0x0000000085080000, 0x00000000d5580000)
  object space 82432K, 99% used [0x0000000080000000,0x0000000085006bf8,0x0000000085080000)
 Metaspace       used 64285K, committed 65792K, reserved 1114112K
  class space    used 6552K, committed 7168K, reserved 1048576K
}
Event: 22.009 GC heap before
{Heap before GC invocations=78 (full 3):
 PSYoungGen      total 13824K, used 13632K [0x00000000d5580000, 0x00000000d6500000, 0x0000000100000000)
  eden space 11776K, 100% used [0x00000000d5580000,0x00000000d6100000,0x00000000d6100000)
  from space 2048K, 90% used [0x00000000d6300000,0x00000000d64d0020,0x00000000d6500000)
  to   space 2048K, 0% used [0x00000000d6100000,0x00000000d6100000,0x00000000d6300000)
 ParOldGen       total 82432K, used 81946K [0x0000000080000000, 0x0000000085080000, 0x00000000d5580000)
  object space 82432K, 99% used [0x0000000080000000,0x0000000085006bf8,0x0000000085080000)
 Metaspace       used 64381K, committed 65856K, reserved 1114112K
  class space    used 6552K, committed 7168K, reserved 1048576K
}
Event: 22.012 GC heap after
{Heap after GC invocations=78 (full 3):
 PSYoungGen      total 12800K, used 544K [0x00000000d5580000, 0x00000000d6400000, 0x0000000100000000)
  eden space 11776K, 0% used [0x00000000d5580000,0x00000000d5580000,0x00000000d6100000)
  from space 1024K, 53% used [0x00000000d6100000,0x00000000d6188000,0x00000000d6200000)
  to   space 1536K, 0% used [0x00000000d6280000,0x00000000d6280000,0x00000000d6400000)
 ParOldGen       total 83456K, used 82976K [0x0000000080000000, 0x0000000085180000, 0x00000000d5580000)
  object space 83456K, 99% used [0x0000000080000000,0x0000000085108100,0x0000000085180000)
 Metaspace       used 64381K, committed 65856K, reserved 1114112K
  class space    used 6552K, committed 7168K, reserved 1048576K
}
Event: 22.156 GC heap before
{Heap before GC invocations=79 (full 3):
 PSYoungGen      total 12800K, used 12320K [0x00000000d5580000, 0x00000000d6400000, 0x0000000100000000)
  eden space 11776K, 100% used [0x00000000d5580000,0x00000000d6100000,0x00000000d6100000)
  from space 1024K, 53% used [0x00000000d6100000,0x00000000d6188000,0x00000000d6200000)
  to   space 1536K, 0% used [0x00000000d6280000,0x00000000d6280000,0x00000000d6400000)
 ParOldGen       total 83456K, used 82976K [0x0000000080000000, 0x0000000085180000, 0x00000000d5580000)
  object space 83456K, 99% used [0x0000000080000000,0x0000000085108100,0x0000000085180000)
 Metaspace       used 64430K, committed 65984K, reserved 1114112K
  class space    used 6555K, committed 7168K, reserved 1048576K
}
Event: 22.162 GC heap after
{Heap after GC invocations=79 (full 3):
 PSYoungGen      total 10240K, used 1536K [0x00000000d5580000, 0x00000000d6a00000, 0x0000000100000000)
  eden space 8704K, 0% used [0x00000000d5580000,0x00000000d5580000,0x00000000d5e00000)
  from space 1536K, 100% used [0x00000000d6280000,0x00000000d6400000,0x00000000d6400000)
  to   space 4608K, 0% used [0x00000000d5e00000,0x00000000d5e00000,0x00000000d6280000)
 ParOldGen       total 85504K, used 85406K [0x0000000080000000, 0x0000000085380000, 0x00000000d5580000)
  object space 85504K, 99% used [0x0000000080000000,0x0000000085367bc8,0x0000000085380000)
 Metaspace       used 64430K, committed 65984K, reserved 1114112K
  class space    used 6555K, committed 7168K, reserved 1048576K
}
Event: 22.306 GC heap before
{Heap before GC invocations=80 (full 3):
 PSYoungGen      total 10240K, used 10240K [0x00000000d5580000, 0x00000000d6a00000, 0x0000000100000000)
  eden space 8704K, 100% used [0x00000000d5580000,0x00000000d5e00000,0x00000000d5e00000)
  from space 1536K, 100% used [0x00000000d6280000,0x00000000d6400000,0x00000000d6400000)
  to   space 4608K, 0% used [0x00000000d5e00000,0x00000000d5e00000,0x00000000d6280000)
 ParOldGen       total 85504K, used 85406K [0x0000000080000000, 0x0000000085380000, 0x00000000d5580000)
  object space 85504K, 99% used [0x0000000080000000,0x0000000085367bc8,0x0000000085380000)
 Metaspace       used 64452K, committed 65984K, reserved 1114112K
  class space    used 6555K, committed 7168K, reserved 1048576K
}
Event: 22.311 GC heap after
{Heap after GC invocations=80 (full 3):
 PSYoungGen      total 10752K, used 1952K [0x00000000d5580000, 0x00000000d6400000, 0x0000000100000000)
  eden space 8704K, 0% used [0x00000000d5580000,0x00000000d5580000,0x00000000d5e00000)
  from space 2048K, 95% used [0x00000000d5e00000,0x00000000d5fe8000,0x00000000d6000000)
  to   space 3072K, 0% used [0x00000000d6100000,0x00000000d6100000,0x00000000d6400000)
 ParOldGen       total 87040K, used 86966K [0x0000000080000000, 0x0000000085500000, 0x00000000d5580000)
  object space 87040K, 99% used [0x0000000080000000,0x00000000854ed970,0x0000000085500000)
 Metaspace       used 64452K, committed 65984K, reserved 1114112K
  class space    used 6555K, committed 7168K, reserved 1048576K
}
Event: 22.476 GC heap before
{Heap before GC invocations=81 (full 3):
 PSYoungGen      total 10752K, used 10619K [0x00000000d5580000, 0x00000000d6400000, 0x0000000100000000)
  eden space 8704K, 99% used [0x00000000d5580000,0x00000000d5df6df0,0x00000000d5e00000)
  from space 2048K, 95% used [0x00000000d5e00000,0x00000000d5fe8000,0x00000000d6000000)
  to   space 3072K, 0% used [0x00000000d6100000,0x00000000d6100000,0x00000000d6400000)
 ParOldGen       total 87040K, used 86966K [0x0000000080000000, 0x0000000085500000, 0x00000000d5580000)
  object space 87040K, 99% used [0x0000000080000000,0x00000000854ed970,0x0000000085500000)
 Metaspace       used 64574K, committed 66112K, reserved 1114112K
  class space    used 6562K, committed 7168K, reserved 1048576K
}
Event: 22.480 GC heap after
{Heap after GC invocations=81 (full 3):
 PSYoungGen      total 10752K, used 2043K [0x00000000d5580000, 0x00000000d6300000, 0x0000000100000000)
  eden space 8704K, 0% used [0x00000000d5580000,0x00000000d5580000,0x00000000d5e00000)
  from space 2048K, 99% used [0x00000000d6100000,0x00000000d62fef20,0x00000000d6300000)
  to   space 2560K, 0% used [0x00000000d5e00000,0x00000000d5e00000,0x00000000d6080000)
 ParOldGen       total 89088K, used 88734K [0x0000000080000000, 0x0000000085700000, 0x00000000d5580000)
  object space 89088K, 99% used [0x0000000080000000,0x00000000856a7a40,0x0000000085700000)
 Metaspace       used 64574K, committed 66112K, reserved 1114112K
  class space    used 6562K, committed 7168K, reserved 1048576K
}
Event: 22.769 GC heap before
{Heap before GC invocations=82 (full 3):
 PSYoungGen      total 10752K, used 10739K [0x00000000d5580000, 0x00000000d6300000, 0x0000000100000000)
  eden space 8704K, 99% used [0x00000000d5580000,0x00000000d5dfe028,0x00000000d5e00000)
  from space 2048K, 99% used [0x00000000d6100000,0x00000000d62fef20,0x00000000d6300000)
  to   space 2560K, 0% used [0x00000000d5e00000,0x00000000d5e00000,0x00000000d6080000)
 ParOldGen       total 89088K, used 88734K [0x0000000080000000, 0x0000000085700000, 0x00000000d5580000)
  object space 89088K, 99% used [0x0000000080000000,0x00000000856a7a40,0x0000000085700000)
 Metaspace       used 65264K, committed 66816K, reserved 1114112K
  class space    used 6645K, committed 7296K, reserved 1048576K
}
Event: 22.772 GC heap after
{Heap after GC invocations=82 (full 3):
 PSYoungGen      total 9728K, used 823K [0x00000000d5580000, 0x00000000d6180000, 0x0000000100000000)
  eden space 8704K, 0% used [0x00000000d5580000,0x00000000d5580000,0x00000000d5e00000)
  from space 1024K, 80% used [0x00000000d5e00000,0x00000000d5ecdda8,0x00000000d5f00000)
  to   space 1536K, 0% used [0x00000000d6000000,0x00000000d6000000,0x00000000d6180000)
 ParOldGen       total 90624K, used 90518K [0x0000000080000000, 0x0000000085880000, 0x00000000d5580000)
  object space 90624K, 99% used [0x0000000080000000,0x0000000085865b48,0x0000000085880000)
 Metaspace       used 65264K, committed 66816K, reserved 1114112K
  class space    used 6645K, committed 7296K, reserved 1048576K
}
Event: 22.943 GC heap before
{Heap before GC invocations=83 (full 3):
 PSYoungGen      total 9728K, used 9527K [0x00000000d5580000, 0x00000000d6180000, 0x0000000100000000)
  eden space 8704K, 100% used [0x00000000d5580000,0x00000000d5e00000,0x00000000d5e00000)
  from space 1024K, 80% used [0x00000000d5e00000,0x00000000d5ecdda8,0x00000000d5f00000)
  to   space 1536K, 0% used [0x00000000d6000000,0x00000000d6000000,0x00000000d6180000)
 ParOldGen       total 90624K, used 90518K [0x0000000080000000, 0x0000000085880000, 0x00000000d5580000)
  object space 90624K, 99% used [0x0000000080000000,0x0000000085865b48,0x0000000085880000)
 Metaspace       used 65556K, committed 67136K, reserved 1114112K
  class space    used 6683K, committed 7360K, reserved 1048576K
}
Event: 22.946 GC heap after
{Heap after GC invocations=83 (full 3):
 PSYoungGen      total 9728K, used 672K [0x00000000d5580000, 0x00000000d6100000, 0x0000000100000000)
  eden space 8704K, 0% used [0x00000000d5580000,0x00000000d5580000,0x00000000d5e00000)
  from space 1024K, 65% used [0x00000000d6000000,0x00000000d60a8020,0x00000000d6100000)
  to   space 1024K, 0% used [0x00000000d5e00000,0x00000000d5e00000,0x00000000d5f00000)
 ParOldGen       total 91136K, used 90982K [0x0000000080000000, 0x0000000085900000, 0x00000000d5580000)
  object space 91136K, 99% used [0x0000000080000000,0x00000000858d9aa0,0x0000000085900000)
 Metaspace       used 65556K, committed 67136K, reserved 1114112K
  class space    used 6683K, committed 7360K, reserved 1048576K
}

